<?xml version="1.0" encoding="UTF-8"?>
<!-- Generated by org.testng.reporters.JUnitReportReporter -->
<testsuite hostname="DESKTOP-O1MTOUR" failures="0" tests="4" name="tests.testUserOperations" time="8.885" errors="0" timestamp="20 Apr 2024 18:39:50 GMT">
  <testcase classname="tests.testUserOperations" name="addNewUser" time="4.435"/>
  <testcase classname="tests.testUserOperations" name="UpdateUser" time="1.175"/>
  <testcase classname="tests.testUserOperations" name="getUser" time="1.396"/>
  <testcase classname="tests.testUserOperations" name="deleteUser" time="1.879"/>
</testsuite> <!-- tests.testUserOperations -->
